<?xml version="1.0" encoding="UTF-8"?>
<testng-results ignored="0" total="4" passed="4" failed="0" skipped="0">
  <reporter-output>
  </reporter-output>
  <suite started-at="2023-06-05T14:31:08 IST" name="PetStoreSuite" finished-at="2023-06-05T14:31:17 IST" duration-ms="9002">
    <groups>
    </groups>
    <test started-at="2023-06-05T14:31:08 IST" name="PetStoreTests" finished-at="2023-06-05T14:31:17 IST" duration-ms="9002">
      <class name="api.test.UserTests_PropFile">
        <test-method is-config="true" signature="setUpData()[pri:0, instance:api.test.UserTests_PropFile@4d154ccd]" started-at="2023-06-05T14:31:08 IST" name="setUpData" finished-at="2023-06-05T14:31:09 IST" duration-ms="561" status="PASS">
          <reporter-output>
          </reporter-output>
        </test-method> <!-- setUpData -->
        <test-method signature="testPostUser()[pri:1, instance:api.test.UserTests_PropFile@4d154ccd]" started-at="2023-06-05T14:31:09 IST" name="testPostUser" finished-at="2023-06-05T14:31:12 IST" duration-ms="2634" status="PASS">
          <reporter-output>
          </reporter-output>
        </test-method> <!-- testPostUser -->
        <test-method signature="testGetUserByName()[pri:2, instance:api.test.UserTests_PropFile@4d154ccd]" started-at="2023-06-05T14:31:12 IST" name="testGetUserByName" finished-at="2023-06-05T14:31:13 IST" duration-ms="1215" status="PASS">
          <reporter-output>
          </reporter-output>
        </test-method> <!-- testGetUserByName -->
        <test-method signature="testUpdateUserByName()[pri:3, instance:api.test.UserTests_PropFile@4d154ccd]" started-at="2023-06-05T14:31:13 IST" name="testUpdateUserByName" finished-at="2023-06-05T14:31:16 IST" duration-ms="3108" status="PASS">
          <reporter-output>
          </reporter-output>
        </test-method> <!-- testUpdateUserByName -->
        <test-method signature="testDeleteUserByName()[pri:4, instance:api.test.UserTests_PropFile@4d154ccd]" started-at="2023-06-05T14:31:16 IST" name="testDeleteUserByName" finished-at="2023-06-05T14:31:17 IST" duration-ms="1270" status="PASS">
          <reporter-output>
          </reporter-output>
        </test-method> <!-- testDeleteUserByName -->
      </class> <!-- api.test.UserTests_PropFile -->
    </test> <!-- PetStoreTests -->
  </suite> <!-- PetStoreSuite -->
</testng-results>
